[    0.000000] Linux version 4.15.0-206-generic (buildd@lcy02-amd64-070) (gcc version 7.5.0 (Ubuntu 7.5.0-3ubuntu1~18.04)) #217-Ubuntu SMP Fri Feb 3 19:10:13 UTC 2023 (Ubuntu 4.15.0-206.217-generic 4.15.18)
[    0.000000] Command line: BOOT_IMAGE=/boot/vmlinuz-4.15.0-206-generic root=LABEL=cloudimg-rootfs ro console=tty1 console=ttyS0
[    0.000000] KERNEL supported cpus:
[    0.000000]   Intel GenuineIntel
[    0.000000]   AMD AuthenticAMD
[    0.000000]   Centaur CentaurHauls
[    0.000000] [Firmware Bug]: TSC doesn't count with P0 frequency!
[    0.000000] x86/fpu: Supporting XSAVE feature 0x001: 'x87 floating point registers'
[    0.000000] x86/fpu: Supporting XSAVE feature 0x002: 'SSE registers'
[    0.000000] x86/fpu: Supporting XSAVE feature 0x004: 'AVX registers'
[    0.000000] x86/fpu: xstate_offset[2]:  576, xstate_sizes[2]:  256
[    0.000000] x86/fpu: Enabled xstate features 0x7, context size is 832 bytes, using 'standard' format.
[    0.000000] e820: BIOS-provided physical RAM map:
[    0.000000] BIOS-e820: [mem 0x0000000000000000-0x000000000009fbff] usable
[    0.000000] BIOS-e820: [mem 0x000000000009fc00-0x000000000009ffff] reserved
[    0.000000] BIOS-e820: [mem 0x00000000000f0000-0x00000000000fffff] reserved
[    0.000000] BIOS-e820: [mem 0x0000000000100000-0x000000003ffeffff] usable
[    0.000000] BIOS-e820: [mem 0x000000003fff0000-0x000000003fffffff] ACPI data
[    0.000000] BIOS-e820: [mem 0x00000000fec00000-0x00000000fec00fff] reserved
[    0.000000] BIOS-e820: [mem 0x00000000fee00000-0x00000000fee00fff] reserved
[    0.000000] BIOS-e820: [mem 0x00000000fffc0000-0x00000000ffffffff] reserved
[    0.000000] NX (Execute Disable) protection: active
[    0.000000] SMBIOS 2.5 present.
[    0.000000] DMI: innotek GmbH VirtualBox/VirtualBox, BIOS VirtualBox 12/01/2006
[    0.000000] Hypervisor detected: KVM
[    0.000000] AGP: No AGP bridge found
[    0.000000] e820: last_pfn = 0x3fff0 max_arch_pfn = 0x400000000
[    0.000000] MTRR: Disabled
[    0.000000] x86/PAT: MTRRs disabled, skipping PAT initialization too.
[    0.000000] CPU MTRRs all blank - virtualized system.
[    0.000000] x86/PAT: Configuration [0-7]: WB  WT  UC- UC  WB  WT  UC- UC  
[    0.000000] found SMP MP-table at [mem 0x0009fff0-0x0009ffff]
[    0.000000] Scanning 1 areas for low memory corruption
[    0.000000] RAMDISK: [mem 0x359c9000-0x36cdbfff]
[    0.000000] ACPI: Early table checksum verification disabled
[    0.000000] ACPI: RSDP 0x00000000000E0000 000024 (v02 VBOX  )
[    0.000000] ACPI: XSDT 0x000000003FFF0030 00003C (v01 VBOX   VBOXXSDT 00000001 ASL  00000061)
[    0.000000] ACPI: FACP 0x000000003FFF00F0 0000F4 (v04 VBOX   VBOXFACP 00000001 ASL  00000061)
[    0.000000] ACPI: DSDT 0x000000003FFF0610 002353 (v02 VBOX   VBOXBIOS 00000002 INTL 20100528)
[    0.000000] ACPI: FACS 0x000000003FFF0200 000040
[    0.000000] ACPI: FACS 0x000000003FFF0200 000040
[    0.000000] ACPI: APIC 0x000000003FFF0240 00005C (v02 VBOX   VBOXAPIC 00000001 ASL  00000061)
[    0.000000] ACPI: SSDT 0x000000003FFF02A0 00036C (v01 VBOX   VBOXCPUT 00000002 INTL 20100528)
[    0.000000] ACPI: Reserving FACP table memory at [mem 0x3fff00f0-0x3fff01e3]
[    0.000000] ACPI: Reserving DSDT table memory at [mem 0x3fff0610-0x3fff2962]
[    0.000000] ACPI: Reserving FACS table memory at [mem 0x3fff0200-0x3fff023f]
[    0.000000] ACPI: Reserving FACS table memory at [mem 0x3fff0200-0x3fff023f]
[    0.000000] ACPI: Reserving APIC table memory at [mem 0x3fff0240-0x3fff029b]
[    0.000000] ACPI: Reserving SSDT table memory at [mem 0x3fff02a0-0x3fff060b]
[    0.000000] No NUMA configuration found
[    0.000000] Faking a node at [mem 0x0000000000000000-0x000000003ffeffff]
[    0.000000] NODE_DATA(0) allocated [mem 0x3ffc5000-0x3ffeffff]
[    0.000000] kvm-clock: cpu 0, msr 0:3ff44001, primary cpu clock
[    0.000000] kvm-clock: Using msrs 4b564d01 and 4b564d00
[    0.000000] kvm-clock: using sched offset of 5011849516 cycles
[    0.000000] clocksource: kvm-clock: mask: 0xffffffffffffffff max_cycles: 0x1cd42e4dffb, max_idle_ns: 881590591483 ns
[    0.000000] Zone ranges:
[    0.000000]   DMA      [mem 0x0000000000001000-0x0000000000ffffff]
[    0.000000]   DMA32    [mem 0x0000000001000000-0x000000003ffeffff]
[    0.000000]   Normal   empty
[    0.000000]   Device   empty
[    0.000000] Movable zone start for each node
[    0.000000] Early memory node ranges
[    0.000000]   node   0: [mem 0x0000000000001000-0x000000000009efff]
[    0.000000]   node   0: [mem 0x0000000000100000-0x000000003ffeffff]
[    0.000000] Reserved but unavailable: 104 pages
[    0.000000] Initmem setup node 0 [mem 0x0000000000001000-0x000000003ffeffff]
[    0.000000] ACPI: PM-Timer IO Port: 0x4008
[    0.000000] IOAPIC[0]: apic_id 2, version 32, address 0xfec00000, GSI 0-23
[    0.000000] ACPI: INT_SRC_OVR (bus 0 bus_irq 0 global_irq 2 dfl dfl)
[    0.000000] ACPI: INT_SRC_OVR (bus 0 bus_irq 9 global_irq 9 low level)
[    0.000000] Using ACPI (MADT) for SMP configuration information
[    0.000000] smpboot: Allowing 2 CPUs, 0 hotplug CPUs
[    0.000000] PM: Registered nosave memory: [mem 0x00000000-0x00000fff]
[    0.000000] PM: Registered nosave memory: [mem 0x0009f000-0x0009ffff]
[    0.000000] PM: Registered nosave memory: [mem 0x000a0000-0x000effff]
[    0.000000] PM: Registered nosave memory: [mem 0x000f0000-0x000fffff]
[    0.000000] e820: [mem 0x40000000-0xfebfffff] available for PCI devices
[    0.000000] Booting paravirtualized kernel on KVM
[    0.000000] clocksource: refined-jiffies: mask: 0xffffffff max_cycles: 0xffffffff, max_idle_ns: 7645519600211568 ns
[    0.000000] setup_percpu: NR_CPUS:8192 nr_cpumask_bits:2 nr_cpu_ids:2 nr_node_ids:1
[    0.000000] percpu: Embedded 50 pages/cpu s167936 r8192 d28672 u1048576
[    0.000000] PV qspinlock hash table entries: 256 (order: 0, 4096 bytes)
[    0.000000] Built 1 zonelists, mobility grouping on.  Total pages: 257913
[    0.000000] Policy zone: DMA32
[    0.000000] Kernel command line: BOOT_IMAGE=/boot/vmlinuz-4.15.0-206-generic root=LABEL=cloudimg-rootfs ro console=tty1 console=ttyS0
[    0.000000] AGP: Checking aperture...
[    0.000000] AGP: No AGP bridge found
[    0.000000] Memory: 982640K/1048120K available (12300K kernel code, 2477K rwdata, 4324K rodata, 2480K init, 2720K bss, 65480K reserved, 0K cma-reserved)
[    0.000000] SLUB: HWalign=64, Order=0-3, MinObjects=0, CPUs=2, Nodes=1
[    0.000000] ftrace: allocating 39485 entries in 155 pages
[    0.004000] Hierarchical RCU implementation.
[    0.004000] 	RCU restricting CPUs from NR_CPUS=8192 to nr_cpu_ids=2.
[    0.004000] 	Tasks RCU enabled.
[    0.004000] RCU: Adjusting geometry for rcu_fanout_leaf=16, nr_cpu_ids=2
[    0.004000] NR_IRQS: 524544, nr_irqs: 440, preallocated irqs: 16
[    0.004000] Console: colour VGA+ 80x25
[    0.004000] console [tty1] enabled
[    0.004000] console [ttyS0] enabled
[    0.004000] ACPI: Core revision 20170831
[    0.004000] ACPI: 2 ACPI AML tables successfully acquired and loaded
[    0.004000] APIC: Switch to symmetric I/O mode setup
[    0.004000] x2apic enabled
[    0.004000] Switched APIC routing to physical x2apic.
[    0.004000] ..TIMER: vector=0x30 apic1=0 pin1=2 apic2=-1 pin2=-1
[    0.004000] tsc: Detected 3809.608 MHz processor
[    0.004000] Calibrating delay loop (skipped) preset value.. 7619.21 BogoMIPS (lpj=15238432)
[    0.004000] pid_max: default: 32768 minimum: 301
[    0.004000] Security Framework initialized
[    0.004000] Yama: becoming mindful.
[    0.004000] AppArmor: AppArmor initialized
[    0.004000] Dentry cache hash table entries: 131072 (order: 8, 1048576 bytes)
[    0.004000] Inode-cache hash table entries: 65536 (order: 7, 524288 bytes)
[    0.004000] Mount-cache hash table entries: 2048 (order: 2, 16384 bytes)
[    0.004000] Mountpoint-cache hash table entries: 2048 (order: 2, 16384 bytes)
[    0.004000] Last level iTLB entries: 4KB 512, 2MB 1024, 4MB 512
[    0.004000] Last level dTLB entries: 4KB 1024, 2MB 1024, 4MB 512, 1GB 0
[    0.004000] Spectre V1 : Mitigation: usercopy/swapgs barriers and __user pointer sanitization
[    0.004000] Spectre V2 : Mitigation: Retpolines
[    0.004000] Spectre V2 : Spectre v2 / SpectreRSB mitigation: Filling RSB on context switch
[    0.004008] Spectre V2 : Spectre v2 / SpectreRSB : Filling RSB on VMEXIT
[    0.008011] RETBleed: Vulnerable
[    0.011088] Freeing SMP alternatives memory: 36K
[    0.156010] APIC calibration not consistent with PM-Timer: 164ms instead of 100ms
[    0.159829] APIC delta adjusted to PM-Timer: 6338554 (10398726)
[    0.160099] smpboot: CPU0: AMD FX(tm)-4300 Quad-Core Processor (family: 0x15, model: 0x2, stepping: 0x0)
[    0.164266] Performance Events: PMU not available due to virtualization, using software events only.
[    0.168100] Hierarchical SRCU implementation.
[    0.172661] NMI watchdog: Perf event create on CPU 0 failed with -2
[    0.176010] NMI watchdog: Perf NMI watchdog permanently disabled
[    0.178941] smp: Bringing up secondary CPUs ...
[    0.180209] x86: Booting SMP configuration:
[    0.184007] .... node  #0, CPUs:      #1
[    0.004000] kvm-clock: cpu 1, msr 0:3ff44041, secondary cpu clock
[    0.190932] smp: Brought up 1 node, 2 CPUs
[    0.192012] smpboot: Max logical packages: 1
[    0.196007] smpboot: Total of 2 processors activated (15238.43 BogoMIPS)
[    0.200350] devtmpfs: initialized
[    0.204227] x86/mm: Memory block size: 128MB
[    0.208396] evm: security.selinux
[    0.210825] evm: security.SMACK64
[    0.212006] evm: security.SMACK64EXEC
[    0.214072] evm: security.SMACK64TRANSMUTE
[    0.216005] evm: security.SMACK64MMAP
[    0.216005] evm: security.apparmor
[    0.218214] evm: security.ima
[    0.224006] evm: security.capability
[    0.226486] clocksource: jiffies: mask: 0xffffffff max_cycles: 0xffffffff, max_idle_ns: 7645041785100000 ns
[    0.232033] futex hash table entries: 512 (order: 3, 32768 bytes)
[    0.236049] pinctrl core: initialized pinctrl subsystem
[    0.240029] RTC time:  1:38:09, date: 03/16/23
[    0.242812] NET: Registered protocol family 16
[    0.248157] audit: initializing netlink subsys (disabled)
[    0.252055] audit: type=2000 audit(1678930695.782:1): state=initialized audit_enabled=0 res=1
[    0.256023] cpuidle: using governor ladder
[    0.260050] cpuidle: using governor menu
[    0.264446] ACPI: bus type PCI registered
[    0.266941] acpiphp: ACPI Hot Plug PCI Controller Driver version: 0.5
[    0.268225] PCI: Using configuration type 1 for base access
[    0.271269] PCI: Using configuration type 1 for extended access
[    0.277683] HugeTLB registered 2.00 MiB page size, pre-allocated 0 pages
[    0.284281] ACPI: Added _OSI(Module Device)
[    0.288022] ACPI: Added _OSI(Processor Device)
[    0.292128] ACPI: Added _OSI(3.0 _SCP Extensions)
[    0.296008] ACPI: Added _OSI(Processor Aggregator Device)
[    0.300010] ACPI: Added _OSI(Linux-Dell-Video)
[    0.300010] ACPI: Added _OSI(Linux-Lenovo-NV-HDMI-Audio)
[    0.304010] ACPI: Added _OSI(Linux-HPI-Hybrid-Graphics)
[    0.308738] ACPI: Executed 1 blocks of module-level executable AML code
[    0.321046] ACPI: Interpreter enabled
[    0.323118] ACPI: (supports S0 S5)
[    0.328015] ACPI: Using IOAPIC for interrupt routing
[    0.336518] PCI: Using host bridge windows from ACPI; if necessary, use "pci=nocrs" and report a bug
[    0.352709] ACPI: Enabled 2 GPEs in block 00 to 07
[    0.381306] ACPI: PCI Root Bridge [PCI0] (domain 0000 [bus 00-ff])
[    0.388025] acpi PNP0A03:00: _OSC: OS supports [ExtendedConfig ASPM ClockPM Segments MSI]
[    0.398470] acpi PNP0A03:00: _OSC: platform does not support [PCIeCapability]
[    0.409150] acpi PNP0A03:00: _OSC: not requesting control; platform does not support [PCIeCapability]
[    0.416059] acpi PNP0A03:00: _OSC: OS requested [PCIeHotplug PME AER PCIeCapability]
[    0.424012] acpi PNP0A03:00: _OSC: platform willing to grant [PCIeHotplug PME AER]
[    0.432015] acpi PNP0A03:00: _OSC failed (AE_SUPPORT); disabling ASPM
[    0.437003] PCI host bridge to bus 0000:00
[    0.444011] pci_bus 0000:00: root bus resource [io  0x0000-0x0cf7 window]
[    0.448009] pci_bus 0000:00: root bus resource [io  0x0d00-0xffff window]
[    0.452016] pci_bus 0000:00: root bus resource [mem 0x000a0000-0x000bffff window]
[    0.460014] pci_bus 0000:00: root bus resource [mem 0x40000000-0xfdffffff window]
[    0.464014] pci_bus 0000:00: root bus resource [bus 00-ff]
[    0.470497] pci 0000:00:01.1: legacy IDE quirk: reg 0x10: [io  0x01f0-0x01f7]
[    0.476011] pci 0000:00:01.1: legacy IDE quirk: reg 0x14: [io  0x03f6]
[    0.480008] pci 0000:00:01.1: legacy IDE quirk: reg 0x18: [io  0x0170-0x0177]
[    0.488014] pci 0000:00:01.1: legacy IDE quirk: reg 0x1c: [io  0x0376]
[    0.529415] pci 0000:00:07.0: quirk: [io  0x4000-0x403f] claimed by PIIX4 ACPI
[    0.536188] pci 0000:00:07.0: quirk: [io  0x4100-0x410f] claimed by PIIX4 SMB
[    0.572377] ACPI: PCI Interrupt Link [LNKA] (IRQs 5 9 10 *11)
[    0.580551] ACPI: PCI Interrupt Link [LNKB] (IRQs 5 9 *10 11)
[    0.584239] ACPI: PCI Interrupt Link [LNKC] (IRQs 5 *9 10 11)
[    0.588448] ACPI: PCI Interrupt Link [LNKD] (IRQs 5 9 10 *11)
[    0.597794] SCSI subsystem initialized
[    0.600161] pci 0000:00:02.0: vgaarb: setting as boot VGA device
[    0.603982] pci 0000:00:02.0: vgaarb: VGA device added: decodes=io+mem,owns=io+mem,locks=none
[    0.612013] pci 0000:00:02.0: vgaarb: bridge control possible
[    0.616009] vgaarb: loaded
[    0.620109] ACPI: bus type USB registered
[    0.620109] usbcore: registered new interface driver usbfs
[    0.623337] usbcore: registered new interface driver hub
[    0.628032] usbcore: registered new device driver usb
[    0.632233] EDAC MC: Ver: 3.0.0
[    0.636350] PCI: Using ACPI for IRQ routing
[    0.640450] NetLabel: Initializing
[    0.642551] NetLabel:  domain hash size = 128
[    0.644005] NetLabel:  protocols = UNLABELED CIPSOv4 CALIPSO
[    0.648037] NetLabel:  unlabeled traffic allowed by default
[    0.652191] clocksource: Switched to clocksource kvm-clock
[    0.697232] VFS: Disk quotas dquot_6.6.0
[    0.700421] VFS: Dquot-cache hash table entries: 512 (order 0, 4096 bytes)
[    0.705270] AppArmor: AppArmor Filesystem Enabled
[    0.708516] pnp: PnP ACPI init
[    0.713481] pnp: PnP ACPI: found 3 devices
[    0.733810] clocksource: acpi_pm: mask: 0xffffff max_cycles: 0xffffff, max_idle_ns: 2085701024 ns
[    0.739596] NET: Registered protocol family 2
[    0.746865] IP idents hash table entries: 16384 (order: 5, 131072 bytes)
[    0.751069] TCP established hash table entries: 8192 (order: 4, 65536 bytes)
[    0.753927] TCP bind hash table entries: 8192 (order: 5, 131072 bytes)
[    0.757385] TCP: Hash tables configured (established 8192 bind 8192)
[    0.761498] UDP hash table entries: 512 (order: 2, 16384 bytes)
[    0.764488] UDP-Lite hash table entries: 512 (order: 2, 16384 bytes)
[    0.767550] NET: Registered protocol family 1
[    0.770097] pci 0000:00:00.0: Limiting direct PCI/PCI transfers
[    0.773253] pci 0000:00:01.0: Activating ISA DMA hang workarounds
[    0.776786] pci 0000:00:02.0: Video device with shadowed ROM at [mem 0x000c0000-0x000dffff]
[    0.780976] Unpacking initramfs...
[    1.306631] Freeing initrd memory: 19532K
[    1.309432] clocksource: tsc: mask: 0xffffffffffffffff max_cycles: 0x6dd399cef80, max_idle_ns: 881590979736 ns
[    1.314921] platform rtc_cmos: registered platform RTC device (no PNP device found)
[    1.318840] Scanning for low memory corruption every 60 seconds
[    1.322209] Initialise system trusted keyrings
[    1.324597] Key type blacklist registered
[    1.326894] workingset: timestamp_bits=36 max_order=18 bucket_order=0
[    1.332911] zbud: loaded
[    1.335303] squashfs: version 4.0 (2009/01/31) Phillip Lougher
[    1.339079] fuse init (API version 7.26)
[    1.348565] Key type asymmetric registered
[    1.350830] Asymmetric key parser 'x509' registered
[    1.353335] Block layer SCSI generic (bsg) driver version 0.4 loaded (major 246)
[    1.357314] io scheduler noop registered
[    1.359533] io scheduler deadline registered
[    1.362062] io scheduler cfq registered (default)
[    1.366146] ACPI: AC Adapter [AC] (on-line)
[    1.368869] input: Power Button as /devices/LNXSYSTM:00/LNXPWRBN:00/input/input0
[    1.372696] ACPI: Power Button [PWRF]
[    1.374767] input: Sleep Button as /devices/LNXSYSTM:00/LNXSLPBN:00/input/input1
[    1.378454] ACPI: Sleep Button [SLPF]
[    1.381178] Serial: 8250/16550 driver, 32 ports, IRQ sharing enabled
[    1.406115] 00:02: ttyS0 at I/O 0x3f8 (irq = 4, base_baud = 115200) is a 16550A
[    1.417468] Linux agpgart interface v0.103
[    1.427417] loop: module loaded
[    1.431374] scsi host0: ata_piix
[    1.433589] scsi host1: ata_piix
[    1.435689] ata1: PATA max UDMA/33 cmd 0x1f0 ctl 0x3f6 bmdma 0xd000 irq 14
[    1.439773] ata2: PATA max UDMA/33 cmd 0x170 ctl 0x376 bmdma 0xd008 irq 15
[    1.444403] tun: Universal TUN/TAP device driver, 1.6
[    1.448143] PPP generic driver version 2.4.2
[    1.450974] ehci_hcd: USB 2.0 'Enhanced' Host Controller (EHCI) Driver
[    1.455016] ehci-pci: EHCI PCI platform driver
[    1.457557] ehci-platform: EHCI generic platform driver
[    1.460883] ohci_hcd: USB 1.1 'Open' Host Controller (OHCI) Driver
[    1.464190] ohci-pci: OHCI PCI platform driver
[    1.466990] ohci-platform: OHCI generic platform driver
[    1.470206] uhci_hcd: USB Universal Host Controller Interface driver
[    1.474302] i8042: PNP: PS/2 Controller [PNP0303:PS2K,PNP0f03:PS2M] at 0x60,0x64 irq 1,12
[    1.480146] serio: i8042 KBD port at 0x60,0x64 irq 1
[    1.483023] serio: i8042 AUX port at 0x60,0x64 irq 12
[    1.486649] mousedev: PS/2 mouse device common for all mice
[    1.490841] rtc_cmos rtc_cmos: rtc core: registered rtc_cmos as rtc0
[    1.494161] rtc_cmos rtc_cmos: alarms up to one day, 114 bytes nvram
[    1.498607] i2c /dev entries driver
[    1.500828] device-mapper: uevent: version 1.0.3
[    1.503834] input: AT Translated Set 2 keyboard as /devices/platform/i8042/serio0/input/input2
[    1.503862] device-mapper: ioctl: 4.37.0-ioctl (2017-09-20) initialised: dm-devel@redhat.com
[    1.514063] ledtrig-cpu: registered to indicate activity on CPUs
[    1.518813] x86/pm: family 0x15 cpu detected, MSR saving is needed during suspending.
[    1.523273] NET: Registered protocol family 10
[    1.534232] Segment Routing with IPv6
[    1.536211] NET: Registered protocol family 17
[    1.539512] Key type dns_resolver registered
[    1.542384] mce: Using 0 MCE banks
[    1.544859] RAS: Correctable Errors collector initialized.
[    1.548748] sched_clock: Marking stable (1548707327, 0)->(2122157853, -573450526)
[    1.553853] registered taskstats version 1
[    1.556193] Loading compiled-in X.509 certificates
[    1.563280] Loaded X.509 cert 'Build time autogenerated kernel key: 4d405f87ce750406625b929cd2e51cc76ab5bcf4'
[    1.570585] Loaded X.509 cert 'Canonical Ltd. Live Patch Signing: 14df34d1a87cf37625abec039ef2bf521249b969'
[    1.577158] Loaded X.509 cert 'Canonical Ltd. Kernel Module Signing: 88f752e560a1e0737e31163a466ad7b70a850c19'
[    1.583083] blacklist: Loading compiled-in revocation X.509 certificates
[    1.587642] Loaded X.509 cert 'Canonical Ltd. Secure Boot Signing: 61482aa2830d0ab2ad5af10b7250da9033ddcef0'
[    1.592505] Loaded X.509 cert 'Canonical Ltd. Secure Boot Signing (2017): 242ade75ac4a15e50d50c84b0d45ff3eae707a03'
[    1.599327] Loaded X.509 cert 'Canonical Ltd. Secure Boot Signing (ESM 2018): 365188c1d374d6b07c3c8f240f8ef722433d6a8b'
[    1.605669] Loaded X.509 cert 'Canonical Ltd. Secure Boot Signing (2019): c0746fd6c5da3ae827864651ad66ae47fe24b3e8'
[    1.611283] Loaded X.509 cert 'Canonical Ltd. Secure Boot Signing (2021 v1): a8d54bbb3825cfb94fa13c9f8a594a195c107b8d'
[    1.616927] Loaded X.509 cert 'Canonical Ltd. Secure Boot Signing (2021 v2): 4cf046892d6fd3c9a5b03f98d845f90851dc6a8c'
[    1.623009] Loaded X.509 cert 'Canonical Ltd. Secure Boot Signing (2021 v3): 100437bb6de6e469b581e61cd66bce3ef4ed53af'
[    1.628142] Loaded X.509 cert 'Canonical Ltd. Secure Boot Signing (Ubuntu Core 2019): c1d57b8f6b743f23ee41f4f7ee292f06eecadfb9'
[    1.632897] zswap: loaded using pool lzo/zbud
[    1.664538] Key type big_key registered
[    1.666821] Key type trusted registered
[    1.673063] Key type encrypted registered
[    1.675747] AppArmor: AppArmor sha1 policy hashing enabled
[    1.679005] ima: No TPM chip found, activating TPM-bypass! (rc=-19)
[    1.683578] ima: Allocated hash algorithm: sha1
[    1.687025] evm: HMAC attrs: 0x1
[    1.689549]   Magic number: 15:865:609
[    1.691728] node node0: hash matches
[    1.694000] rtc_cmos rtc_cmos: setting system clock to 2023-03-16 01:38:11 UTC (1678930691)
[    1.700030] BIOS EDD facility v0.16 2004-Jun-25, 0 devices found
[    1.703434] EDD information not available.
[    1.711286] Freeing unused kernel image memory: 2480K
[    1.733661] Write protecting the kernel read-only data: 20480k
[    1.738093] Freeing unused kernel image memory: 2008K
[    1.742584] Freeing unused kernel image memory: 1820K
[    1.760435] x86/mm: Checked W+X mappings: passed, no W+X pages found.
Loading, please wait...
starting version 237
[    1.913213] e1000: Intel(R) PRO/1000 Network Driver - version 7.3.21-k8-NAPI
[    1.918741] e1000: Copyright (c) 1999-2006 Intel Corporation.
[    1.932455] Fusion MPT base driver 3.04.20
[    1.937086] Copyright (c) 1999-2008 LSI Corporation
[    1.953391] Fusion MPT SPI Host driver 3.04.20
[    2.010401] AVX version of gcm_enc/dec engaged.
[    2.016594] AES CTR mode by8 optimization enabled
[    2.162970] input: ImExPS/2 Generic Explorer Mouse as /devices/platform/i8042/serio1/input/input4
[    3.047856] e1000 0000:00:03.0 eth0: (PCI:33MHz:32-bit) 02:df:c2:d4:51:e3
[    3.052302] e1000 0000:00:03.0 eth0: Intel(R) PRO/1000 Network Connection
[    3.737175] e1000 0000:00:08.0 eth1: (PCI:33MHz:32-bit) 08:00:27:18:0d:57
[    3.742451] e1000 0000:00:08.0 eth1: Intel(R) PRO/1000 Network Connection
[    3.747143] e1000 0000:00:08.0 enp0s8: renamed from eth1
[    3.752266] mptbase: ioc0: Initiating bringup
[    3.817952] e1000 0000:00:03.0 enp0s3: renamed from eth0
[    3.868010] ioc0: LSI53C1030 A0: Capabilities={Initiator}
[    4.118847] scsi host2: ioc0: LSI53C1030 A0, FwRev=00000000h, Ports=1, MaxQ=256, IRQ=20
[    4.328946] scsi 2:0:0:0: Direct-Access     VBOX     HARDDISK         1.0  PQ: 0 ANSI: 5
[    4.424573] scsi target2:0:0: Beginning Domain Validation
[    4.429145] scsi target2:0:0: Domain Validation skipping write tests
[    4.433185] scsi target2:0:0: Ending Domain Validation
[    4.436372] scsi target2:0:0: asynchronous
[    4.439360] scsi 2:0:1:0: Direct-Access     VBOX     HARDDISK         1.0  PQ: 0 ANSI: 5
[    5.052132] scsi target2:0:1: Beginning Domain Validation
[    5.058110] scsi target2:0:1: Domain Validation skipping write tests
[    5.061750] scsi target2:0:1: Ending Domain Validation
[    5.064954] scsi target2:0:1: asynchronous
[    5.075296] sd 2:0:0:0: [sda] 83886080 512-byte logical blocks: (42.9 GB/40.0 GiB)
[    5.078965] sd 2:0:0:0: [sda] Write Protect is off
[    5.080635] sd 2:0:0:0: Attached scsi generic sg0 type 0
[    5.087500] sd 2:0:1:0: Attached scsi generic sg1 type 0
[    5.087588] sd 2:0:1:0: [sdb] 20480 512-byte logical blocks: (10.5 MB/10.0 MiB)
[    5.094912] sd 2:0:0:0: [sda] Incomplete mode parameter data
[    5.095341] sd 2:0:1:0: [sdb] Write Protect is off
[    5.097880] sd 2:0:0:0: [sda] Assuming drive cache: write through
[    5.102754] sd 2:0:1:0: [sdb] Incomplete mode parameter data
[    5.104657] sd 2:0:1:0: [sdb] Assuming drive cache: write through
[    5.110612]  sda: sda1
[    5.112835] sd 2:0:1:0: [sdb] Attached SCSI disk
[    5.115157] sd 2:0:0:0: [sda] Attached SCSI disk
Begin: Loading essential drivers ... [    6.912469] raid6: sse2x1   gen()  4601 MB/s
[    6.960035] raid6: sse2x1   xor()  3546 MB/s
[    7.008587] raid6: sse2x2   gen()  6872 MB/s
[    7.056191] raid6: sse2x2   xor()  4860 MB/s
[    7.104957] raid6: sse2x4   gen()  8145 MB/s
[    7.152120] raid6: sse2x4   xor()  4237 MB/s
[    7.155346] raid6: using algorithm sse2x4 gen() 8145 MB/s
[    7.158232] raid6: .... xor() 4237 MB/s, rmw enabled
[    7.161653] raid6: using ssse3x2 recovery algorithm
[    7.166377] xor: automatically using best checksumming function   avx       
[    7.172028] async_tx: api initialized (async)
done.
Begin: Running /scripts/init-premount ... done.
Begin: Mounting root file system ... Begin: Running /scripts/local-top ... done.
Begin: Running /scripts/local-premount ... [    7.249506] Btrfs loaded, crc32c=crc32c-intel
Scanning for Btrfs filesystems
done.
Warning: fsck not present, so skipping root file system
[    7.305440] EXT4-fs (sda1): mounted filesystem with ordered data mode. Opts: (null)
done.
Begin: Running /scripts/local-bottom ... done.
Begin: Running /scripts/init-bottom ... done.
[    7.660733] ip_tables: (C) 2000-2006 Netfilter Core Team
[    7.684331] systemd[1]: systemd 237 running in system mode. (+PAM +AUDIT +SELINUX +IMA +APPARMOR +SMACK +SYSVINIT +UTMP +LIBCRYPTSETUP +GCRYPT +GNUTLS +ACL +XZ +LZ4 +SECCOMP +BLKID +ELFUTILS +KMOD -IDN2 +IDN -PCRE2 default-hierarchy=hybrid)
[    7.696129] systemd[1]: Detected virtualization oracle.
[    7.698857] systemd[1]: Detected architecture x86-64.

Welcome to [1mUbuntu 18.04.6 LTS[0m!

[    7.729994] systemd[1]: Set hostname to <ubuntu>.
[    7.737997] random: systemd: uninitialized urandom read (16 bytes read)
[    7.740601] systemd[1]: Initializing machine ID from random generator.
[    7.743307] systemd[1]: Installed transient /etc/machine-id file.
[    8.185264] random: systemd: uninitialized urandom read (16 bytes read)
[    8.193102] systemd[1]: Created slice User and Session Slice.
[[0;32m  OK  [0m] Created slice User and Session Slice.
[    8.208550] random: systemd: uninitialized urandom read (16 bytes read)
[    8.212417] systemd[1]: Reached target Mounting snaps.
[[0;32m  OK  [0m] Reached target Mounting snaps.
[    8.228662] systemd[1]: Reached target Swap.
[[0;32m  OK  [0m] Reached target Swap.
[    8.232812] systemd[1]: Reached target System Time Synchronized.
[[0;32m  OK  [0m] Reached target System Time Synchronized.
[[0;32m  OK  [0m] Created slice System Slice.
[[0;32m  OK  [0m] Listening on Journal Socket (/dev/log).
[[0;32m  OK  [0m] Listening on Device-mapper event daemon FIFOs.
[[0;32m  OK  [0m] Listening on LVM2 metadata daemon socket.
[[0;32m  OK  [0m] Reached target Slices.
[[0;32m  OK  [0m] Started Forward Password Requests to Wall Directory Watch.
[[0;32m  OK  [0m] Listening on udev Control Socket.
[[0;32m  OK  [0m] Listening on LVM2 poll daemon socket.
[[0;32m  OK  [0m] Set up automount Arbitrary Executab…rmats File System Automount Point.
[[0;32m  OK  [0m] Reached target User and Group Name Lookups.
[[0;32m  OK  [0m] Listening on fsck to fsckd communication Socket.
[[0;32m  OK  [0m] Listening on Syslog Socket.
[[0;32m  OK  [0m] Reached target Mounted snaps.
[[0;32m  OK  [0m] Listening on Journal Socket.
         Starting Create list of required st…ce nodes for the current kernel...
         Starting File System Check on Root Device...
         Mounting Kernel Debug File System...
         Starting Uncomplicated firewall...
         Starting Set the console keyboard layout...
         Mounting Huge Pages File System...
         Starting Load Kernel Modules...
         Starting Monitoring of LVM2 mirrors…ng dmeventd or progress polling...
[[0;32m  OK  [0m] Created slice system-serial\x2dgetty.slice.
[    8.392304] Loading iSCSI transport class v2.0-870.
[    8.404894] iscsi: registered transport (tcp)
         Mounting POSIX Message Queue File System...
[[0;32m  OK  [0m] Listening on Network Service Netlink Socket.
[[0;32m  OK  [0m] Listening on udev Kernel Socket.
         Starting udev Coldplug all Devices...
[[0;32m  OK  [0m] Listening on /dev/initctl Compatibility Named Pipe.
[[0;32m  OK  [0m] Listening on Journal Audit Socket.
[    8.517117] iscsi: registered transport (iser)
         Starting Journal Service...
[[0;32m  OK  [0m] Started Create list of required sta…vice nodes for the current kernel.
[[0;32m  OK  [0m] Started File System Check on Root Device.
[[0;32m  OK  [0m] Mounted Kernel Debug File System.
[[0;32m  OK  [0m] Started Uncomplicated firewall.
[[0;32m  OK  [0m] Mounted Huge Pages File System.
[[0;32m  OK  [0m] Started Load Kernel Modules.
[[0;32m  OK  [0m] Mounted POSIX Message Queue File System.
[[0;32m  OK  [0m] Started File System Check Daemon to report status.
[[0;32m  OK  [0m] Started LVM2 metadata daemon.
         Starting Apply Kernel Variables...
         Mounting FUSE Control File System...
         Mounting Kernel Configuration File System...
         Starting Remount Root and Kernel File Systems...
         Starting Create Static Device Nodes in /dev...
[[0;32m  OK  [0m] Mounted FUSE Control File System.
[[0;32m  OK  [0m] Mounted Kernel Configuration File System.
[[0;32m  OK  [0m] Started Journal Service.
[[0;32m  OK  [0m] Started Apply Kernel Variables.
[[0;32m  OK  [0m] Started udev Coldplug all Devices.
[[0;32m  OK  [0m] Started Remount Root and Kernel File Systems.
         Starting Load/Save Random Seed...
         Starting Flush Journal to Persistent Storage...
[[0;32m  OK  [0m] Started Monitoring of LVM2 mirrors,…sing dmeventd or progress polling.
[[0;32m  OK  [0m] Started Load/Save Random Seed.
[[0;32m  OK  [0m] Started Create Static Device Nodes in /dev.
         Starting udev Kernel Device Manager...
[[0;32m  OK  [0m] Started Flush Journal to Persistent Storage.
[[0;32m  OK  [0m] Started udev Kernel Device Manager.
[[0;32m  OK  [0m] Found device /dev/ttyS0.
[[0;32m  OK  [0m] Listening on Load/Save RF Kill Switch Status /dev/rfkill Watch.
         Mounting Arbitrary Executable File Formats File System...
[[0;32m  OK  [0m] Mounted Arbitrary Executable File Formats File System.
[[0;32m  OK  [0m] Started Set the console keyboard layout.
[[0;32m  OK  [0m] Reached target Local File Systems (Pre).
[[0;32m  OK  [0m] Reached target Local File Systems.
         Starting Create Volatile Files and Directories...
         Starting AppArmor initialization...
         Starting Tell Plymouth To Write Out Runtime Data...
         Starting ebtables ruleset management...
         Starting Commit a transient machine-id on disk...
         Starting Set console font and keymap...
[[0;32m  OK  [0m] Started Dispatch Password Requests to Console Directory Watch.
[[0;32m  OK  [0m] Reached target Local Encrypted Volumes.
[[0;32m  OK  [0m] Started Tell Plymouth To Write Out Runtime Data.
[[0;32m  OK  [0m] Started Set console font and keymap.
[[0;32m  OK  [0m] Started Create Volatile Files and Directories.
         Starting Update UTMP about System Boot/Shutdown...
[[0;32m  OK  [0m] Started Update UTMP about System Boot/Shutdown.
[[0;32m  OK  [0m] Started Commit a transient machine-id on disk.
[[0;32m  OK  [0m] Started ebtables ruleset management.
[[0;32m  OK  [0m] Started AppArmor initialization.
         Starting Initial cloud-init job (pre-networking)...
         Starting Load AppArmor profiles managed internally by snapd...
[[0;32m  OK  [0m] Started Load AppArmor profiles managed internally by snapd.
[   17.703827] cloud-init[638]: Cloud-init v. 22.4.2-0ubuntu0~18.04.1 running 'init-local' at Thu, 16 Mar 2023 01:38:26 +0000. Up 16.91 seconds.
[[0;32m  OK  [0m] Started Initial cloud-init job (pre-networking).
[[0;32m  OK  [0m] Reached target Network (Pre).
         Starting Network Service...
[[0;32m  OK  [0m] Started Network Service.
         Starting Network Name Resolution...
         Starting Wait for Network to be Configured...
[[0;32m  OK  [0m] Started Network Name Resolution.
[[0;32m  OK  [0m] Reached target Host and Network Name Lookups.
[[0;32m  OK  [0m] Reached target Network.
[[0;32m  OK  [0m] Started Wait for Network to be Configured.
         Starting Initial cloud-init job (metadata service crawler)...
[   22.596687] cloud-init[772]: Cloud-init v. 22.4.2-0ubuntu0~18.04.1 running 'init' at Thu, 16 Mar 2023 01:38:31 +0000. Up 21.82 seconds.
[   22.601898] cloud-init[772]: ci-info: ++++++++++++++++++++++++++++++++++++++Net device info+++++++++++++++++++++++++++++++++++++++
[   22.645843] cloud-init[772]: ci-info: +--------+-------+----------------------------+---------------+--------+-------------------+
[   22.671254] cloud-init[772]: ci-info: | Device |   Up  |          Address           |      Mask     | Scope  |     Hw-Address    |
[   22.676989] cloud-init[772]: ci-info: +--------+-------+----------------------------+---------------+--------+-------------------+
[   22.705711] cloud-init[772]: ci-info: | enp0s3 |  True |         10.0.2.15          | 255.255.255.0 | global | 02:df:c2:d4:51:e3 |
[   22.708457] cloud-init[772]: ci-info: | enp0s3 |  True | fe80::df:c2ff:fed4:51e3/64 |       .       |  link  | 02:df:c2:d4:51:e3 |
[   22.713387] cloud-init[772]: ci-info: | enp0s8 | False |             .              |       .       |   .    | 08:00:27:18:0d:57 |
[   22.719066] cloud-init[772]: ci-info: |   lo   |  True |         127.0.0.1          |   255.0.0.0   |  host  |         .         |
[   22.726238] cloud-init[772]: ci-info: |   lo   |  True |          ::1/128           |       .       |  host  |         .         |
[   22.729774] cloud-init[772]: ci-info: +--------+-------+----------------------------+---------------+--------+-------------------+
[   22.735383] cloud-init[772]: ci-info: ++++++++++++++++++++++++++++Route IPv4 info+++++++++++++++++++++++++++++
[   22.745969] cloud-init[772]: ci-info: +-------+-------------+----------+-----------------+-----------+-------+
[   22.748241] cloud-init[772]: ci-info: | Route | Destination | Gateway  |     Genmask     | Interface | Flags |
[   22.761178] cloud-init[772]: ci-info: +-------+-------------+----------+-----------------+-----------+-------+
[   22.810693] cloud-init[772]: ci-info: |   0   |   0.0.0.0   | 10.0.2.2 |     0.0.0.0     |   enp0s3  |   UG  |
[   22.820654] cloud-init[772]: ci-info: |   1   |   10.0.2.0  | 0.0.0.0  |  255.255.255.0  |   enp0s3  |   U   |
[   22.826416] cloud-init[772]: ci-info: |   2   |   10.0.2.2  | 0.0.0.0  | 255.255.255.255 |   enp0s3  |   UH  |
[   22.829781] cloud-init[772]: ci-info: +-------+-------------+----------+-----------------+-----------+-------+
[   22.836368] cloud-init[772]: ci-info: +++++++++++++++++++Route IPv6 info+++++++++++++++++++
[   22.840113] cloud-init[772]: ci-info: +-------+-------------+---------+-----------+-------+
[   22.842819] cloud-init[772]: ci-info: | Route | Destination | Gateway | Interface | Flags |
[   22.856512] cloud-init[772]: ci-info: +-------+-------------+---------+-----------+-------+
[   22.859929] cloud-init[772]: ci-info: |   1   |  fe80::/64  |    ::   |   enp0s3  |   U   |
[   22.861979] cloud-init[772]: ci-info: |   3   |    local    |    ::   |   enp0s3  |   U   |
[   22.865433] cloud-init[772]: ci-info: |   4   |   ff00::/8  |    ::   |   enp0s3  |   U   |
[   22.868017] cloud-init[772]: ci-info: +-------+-------------+---------+-----------+-------+
[   24.365516] cloud-init[772]: Generating public/private rsa key pair.
[   24.367565] cloud-init[772]: Your identification has been saved in /etc/ssh/ssh_host_rsa_key.
[   24.372782] cloud-init[772]: Your public key has been saved in /etc/ssh/ssh_host_rsa_key.pub.
[   24.375697] cloud-init[772]: The key fingerprint is:
[   24.376826] cloud-init[772]: SHA256:JuUvE7DBXyKsbliaxfYipoCd9eC3e/c5pcxo60rnxWo root@ubuntu-bionic
[   24.379952] cloud-init[772]: The key's randomart image is:
[   24.381911] cloud-init[772]: +---[RSA 2048]----+
[   24.383337] cloud-init[772]: |                 |
[   24.384814] cloud-init[772]: |     o           |
[   24.387312] cloud-init[772]: |      * o .      |
[   24.388341] cloud-init[772]: |   . . O o       |
[   24.400459] cloud-init[772]: |    O o S        |
[   24.401817] cloud-init[772]: |.. % + o o .  .  |
[   24.404565] cloud-init[772]: |o O = + + o+oo   |
[   24.406170] cloud-init[772]: |.o o o o.=Eo=.   |
[   24.408491] cloud-init[772]: |.     oo.*=oo.   |
[   24.421006] cloud-init[772]: +----[SHA256]-----+
[   24.422764] cloud-init[772]: Generating public/private dsa key pair.
[   24.437050] cloud-init[772]: Your identification has been saved in /etc/ssh/ssh_host_dsa_key.
[   24.450141] cloud-init[772]: Your public key has been saved in /etc/ssh/ssh_host_dsa_key.pub.
[   24.461372] cloud-init[772]: The key fingerprint is:
[   24.476879] cloud-init[772]: SHA256:dVRjEdqOfec3w4chCBH2n76YEETH0l0SqAYNrRwHKuA root@ubuntu-bionic
[   24.480393] cloud-init[772]: The key's randomart image is:
[   24.492765] cloud-init[772]: +---[DSA 1024]----+
[   24.494808] cloud-init[772]: |.     o==+.o++Bo |
[   24.508399] cloud-init[772]: |..   .oo=++..= . |
[   24.510682] cloud-init[772]: | E. .. =ooo o .  |
[   24.511922] cloud-init[772]: |   .  o.oo + =   |
[   24.524511] cloud-init[772]: |       .S . = + o|
[   24.525325] cloud-init[772]: |         . . ..=.|
[   24.540018] cloud-init[772]: |        .   . .++|
[[0;32m  OK  [0m] Started Initial cloud-init job (metadata service crawler).
[   24.561946] cloud-init[772]: |         . o .  =|
[   24.564730] cloud-init[772]: |          o .    |
[   24.565826] cloud-init[772]: +----[SHA256]-----+
[   24.567889] cloud-init[772]: Generating public/private ecdsa key pair.
[[0;32m  OK  [0m] Reached target System Initialization.
[   24.580590] cloud-init[772]: Your identification has been saved in /etc/ssh/ssh_host_ecdsa_key.
[   24.584738] cloud-init[772]: Your public key has been saved in /etc/ssh/ssh_host_ecdsa_key.pub.
[[   24.589993] [0;32m  OK  [0mcloud-init] [772]: Started Discard unused blocks once a week.The key fingerprint is:
[   24.595037] cloud-init[772]: SHA256:4zKsN8AWvL5RHNq67MukMBMLMn/KdPHtNorTI122MHc root@ubuntu-bionic
[   24.610287] cloud-init[772]: The key's randomart image is:
[   24.610591] cloud-init[772]: +---[ECDSA 256]---+
[   24.610671] cloud-init[772]: |                 |
[   24.610725] cloud-init[772]: |                 |
[   24.610781] cloud-init[772]: |   .  .          |
[   24.610840] cloud-init[772]: |    o+ .         |
[   24.616389] cloud-init[772]: |=  .oo+ S        |
[   24.616492] cloud-init[772]: |o=  =*oo+.E      |
[   24.616548] cloud-init[772]: |= oo*+=*oo       |
[   24.616599] cloud-init[772]: | * O+=*++        |
[   24.616655] cloud-init[772]: |  +.X*.=..       |
[   24.616790] cloud-init[772]: +----[SHA256]-----+
[   24.616847] cloud-init[772]: Generating public/private ed25519 key pair.
[   24.616898] cloud-init[772]: Your identification has been saved in /etc/ssh/ssh_host_ed25519_key.
[   24.616951] cloud-init[772]: Your public key has been saved in /etc/ssh/ssh_host_ed25519_key.pub.
[   24.617513] cloud-init[772]: The key fingerprint is:
[   24.617599] cloud-init[772]: SHA256:uBYNrq56pH9Atmhlc9h76t3yjIq/MvW2kSGFE24SPWc root@ubuntu-bionic
[   24.617680] cloud-init[772]: The key's randomart image is:
[   24.617809] cloud-init[772]: +--[ED25519 256]--+
[   24.617885] cloud-init[772]: |   ...           |
[   24.617946] cloud-init[772]: |    oooE         |
[   24.618013] cloud-init[772]: |   .o==.         |
[   24.618081] cloud-init[772]: |  o=o+o+         |
[   24.618152] cloud-init[772]: | +o.o.=.S        |
[   24.618215] cloud-init[772]: |..+  +.+o        |
[   24.618391] cloud-init[772]: |.o .o *o         |
[   24.618465] cloud-init[772]: |. .+oo.+=        |
[   24.618615] cloud-init[772]: |.+o+*=++++       |
[   24.618726] cloud-init[772]: +----[SHA256]-----+

[[0;32m  OK  [0m] Listening on UUID daemon activation socket.
[[0;32m  OK  [0m] Listening on Open-iSCSI iscsid Socket.
         Starting Socket activation for snappy daemon.
[[0;32m  OK  [0m] Started ACPI Events Check.
[[0;32m  OK  [0m] Reached target Paths.
[[0;32m  OK  [0m] Listening on cloud-init hotplug hook socket.
[[0;32m  OK  [0m] Listening on D-Bus System Message Bus Socket.
[[0;32m  OK  [0m] Listening on ACPID Listen Socket.
         Starting LXD - unix socket.
[[0;32m  OK  [0m] Started Daily Cleanup of Temporary Directories.
[[0;32m  OK  [0m] Started Message of the Day.
[[0;32m  OK  [0m] Started Daily apt download activities.
[[0;32m  OK  [0m] Started Daily apt upgrade and clean activities.
[[0;32m  OK  [0m] Started Ubuntu Advantage Timer for running repeated jobs.
[[0;32m  OK  [0m] Reached target Timers.
[[0;32m  OK  [0m] Reached target Cloud-config availability.
[[0;32m  OK  [0m] Reached target Network is Online.
         Starting Availability of block devices...
[[0;32m  OK  [0m] Reached target Remote File Systems (Pre).
[[0;32m  OK  [0m] Reached target Remote File Systems.
[[0;32m  OK  [0m] Listening on Socket activation for snappy daemon.
[[0;32m  OK  [0m] Listening on LXD - unix socket.
[[0;32m  OK  [0m] Reached target Sockets.
[[0;32m  OK  [0m] Reached target Basic System.
         Starting Login Service...
         Starting System Logging Service...
[[0;32m  OK  [0m] Started Regular background program processing daemon.
         Starting LSB: Record successful boot for GRUB...
[[0;32m  OK  [0m] Started Deferred execution scheduler.
         Starting Dispatcher daemon for systemd-networkd...
[[0;32m  OK  [0m] Started FUSE filesystem for LXC.
         Starting LXD - container startup/shutdown...
         Starting Permit User Sessions...
[[0;32m  OK  [0m] Reached target Login Prompts (Pre).
         Starting Pollinate to seed the pseudo random number generator...
         Starting Accounts Service...
[[0;32m  OK  [0m] Started irqbalance daemon.
         Starting LSB: automatic crash report generation...
         Starting Snap Daemon...
         Starting Virtualbox guest utils...
[[0;32m  OK  [0m] Started D-Bus System Message Bus.
[[0;32m  OK  [0m] Started Login Service.
[[0;32m  OK  [0m] Started Unattended Upgrades Shutdown.
[[0;32m  OK  [0m] Started System Logging Service.
[[0;32m  OK  [0m] Started Availability of block devices.
[[0;32m  OK  [0m] Started Permit User Sessions.
         Starting Hold until boot process finishes up...
         Starting Terminate Plymouth Boot Screen...
[[0;32m  OK  [0m] Started Hold until boot process finishes up.
[[0;32m  OK  [0m] Started Terminate Plymouth Boot Screen.
         Starting Set console scheme...
[[0;32m  OK  [0m] Started Serial Getty on ttyS0.
[[0;32m  OK  [0m] Started Set console scheme.
[[0;32m  OK  [0m] Created slice system-getty.slice.
[[0;32m  OK  [0m] Started Getty on tty1.
[[0;32m  OK  [0m] Reached target Login Prompts.
         Starting Authorization Manager...
[[0;32m  OK  [0m] Started LSB: automatic crash report generation.
[[0;32m  OK  [0m] Started LSB: Record successful boot for GRUB.
[[0;32m  OK  [0m] Started Authorization Manager.
[[0;32m  OK  [0m] Started Accounts Service.
[[0;32m  OK  [0m] Started Virtualbox guest utils.
[[0;32m  OK  [0m] Started LXD - container startup/shutdown.
[[0;32m  OK  [0m] Started Dispatcher daemon for systemd-networkd.
[[0;32m  OK  [0m] Started Snap Daemon.
         Starting Wait until snapd is fully seeded...
[[0;32m  OK  [0m] Started Pollinate to seed the pseudo random number generator.
         Starting OpenBSD Secure Shell server...
[[0;32m  OK  [0m] Started OpenBSD Secure Shell server.
[[0;32m  OK  [0m] Created slice User Slice of vagrant.
         Starting User Manager for UID 1000...
[[0;32m  OK  [0m] Started Session 1 of user vagrant.
[[0;32m  OK  [0m] Started User Manager for UID 1000.
         Starting Time & Date Service...
[[0;32m  OK  [0m] Started Time & Date Service.

Ubuntu 18.04.6 LTS ubuntu-bionic ttyS0

ubuntu-bionic login: [   35.246853] cloud-init[1390]: Cloud-init v. 22.4.2-0ubuntu0~18.04.1 running 'modules:config' at Thu, 16 Mar 2023 01:38:43 +0000. Up 33.29 seconds.
ci-info: no authorized SSH keys fingerprints found for user ubuntu.
<14>Mar 16 01:38:47 cloud-init: #############################################################
<14>Mar 16 01:38:48 cloud-init: -----BEGIN SSH HOST KEY FINGERPRINTS-----
<14>Mar 16 01:38:48 cloud-init: 1024 SHA256:dVRjEdqOfec3w4chCBH2n76YEETH0l0SqAYNrRwHKuA root@ubuntu-bionic (DSA)
<14>Mar 16 01:38:48 cloud-init: 256 SHA256:4zKsN8AWvL5RHNq67MukMBMLMn/KdPHtNorTI122MHc root@ubuntu-bionic (ECDSA)
<14>Mar 16 01:38:48 cloud-init: 256 SHA256:uBYNrq56pH9Atmhlc9h76t3yjIq/MvW2kSGFE24SPWc root@ubuntu-bionic (ED25519)
<14>Mar 16 01:38:48 cloud-init: 2048 SHA256:JuUvE7DBXyKsbliaxfYipoCd9eC3e/c5pcxo60rnxWo root@ubuntu-bionic (RSA)
<14>Mar 16 01:38:48 cloud-init: -----END SSH HOST KEY FINGERPRINTS-----
<14>Mar 16 01:38:48 cloud-init: #############################################################
-----BEGIN SSH HOST KEY KEYS-----
ecdsa-sha2-nistp256 AAAAE2VjZHNhLXNoYTItbmlzdHAyNTYAAAAIbmlzdHAyNTYAAABBBGNpvFcWO6WBuDx8hkK58vEU7L5YEb0/5h3Y7iyxcpl5rlBLyEebj6/CVNcQoDFXjkOxfhMJ9HaM36nR/EoICUQ= root@ubuntu-bionic
ssh-ed25519 AAAAC3NzaC1lZDI1NTE5AAAAIC4PLl6Zp/RA233CqLdEwgPg3z/9D8TlBDtuOXatLx7v root@ubuntu-bionic
ssh-rsa AAAAB3NzaC1yc2EAAAADAQABAAABAQDWVEvQUGB6lhBK0+Ik+DYQM3BNEIN6+lbv7cBBIETBswbXPVwUa+VvIo3mQ7M9Kc7xCAKnTw5CiovH2Sud35dawgvkbVPrBAyIWPx+xGa7qTie5gC3M2b+D5MONn0rNo15G9sHdXPr1O76ZQuOOf51ZEATqO7tME24VOu02vuEguXCM4XUrOX5oj/f4cLLYjNJLQ6e5patnFhFsLmB3xdE9vdTM8PkJ345MroCfYHk0V9HhaZYcAErpzABEyjjIodj/1X0pf0M0NO9oXbGuAbzVPJXZsZV9a9XvqkgCu3MVER2E0nxiqD6qgp2QOKMsaAQWG5f2cV2vVe6/uF68HmB root@ubuntu-bionic
-----END SSH HOST KEY KEYS-----
[   38.327460] cloud-init[1571]: Cloud-init v. 22.4.2-0ubuntu0~18.04.1 running 'modules:final' at Thu, 16 Mar 2023 01:38:47 +0000. Up 37.71 seconds.
[   38.327855] cloud-init[1571]: Cloud-init v. 22.4.2-0ubuntu0~18.04.1 finished at Thu, 16 Mar 2023 01:38:48 +0000. Datasource DataSourceNoCloud [seed=/dev/sdb][dsmode=net].  Up 38.28 seconds
